# JRE version: OpenJDK Runtime Environment GraalVM CE 22.3.0 (17.0.5+8) (build 17.0.5+8-jvmci-22.3-b08)
# Java VM: OpenJDK 64-Bit Server VM GraalVM CE 22.3.0 (17.0.5+8-jvmci-22.3-b08, mixed mode, sharing, tiered, jvmci, jvmci compiler, compressed oops, compressed class ptrs, parallel gc, linux-amd64)
GC Precious Log:
 CPUs: 8 total, 1 available
 Memory: 1024M
 Large Page Support: Disabled
 NUMA Support: Disabled
 Compressed Oops: Enabled (32-bit)
 Alignments: Space 512K, Generation 512K, Heap 2M
 Heap Min Capacity: 100M
 Heap Initial Capacity: 100M
 Heap Max Capacity: 512M
 Pre-touch: Disabled
 Parallel Workers: 1
Heap:
 PSYoungGen      total 59392K, used 44031K [0x00000000f5580000, 0x00000000fa100000, 0x0000000100000000)
  eden space 44032K, 99% used [0x00000000f5580000,0x00000000f807fff8,0x00000000f8080000)
  from space 15360K, 0% used [0x00000000f8080000,0x00000000f8080000,0x00000000f8f80000)
  to   space 14848K, 0% used [0x00000000f8f80000,0x00000000f8f80000,0x00000000f9e00000)
 ParOldGen       total 349696K, used 349694K [0x00000000e0000000, 0x00000000f5580000, 0x00000000f5580000)
  object space 349696K, 99% used [0x00000000e0000000,0x00000000f557f9c0,0x00000000f5580000)
 Metaspace       used 50727K, committed 51584K, reserved 1097728K
  class space    used 4921K, committed 5248K, reserved 1048576K
GC Heap History (20 events):
Event: 2440.977 GC heap before
{Heap before GC invocations=1044 (full 980):
 PSYoungGen      total 59392K, used 44032K [0x00000000f5580000, 0x00000000fa100000, 0x0000000100000000)
  eden space 44032K, 100% used [0x00000000f5580000,0x00000000f8080000,0x00000000f8080000)
  from space 15360K, 0% used [0x00000000f8080000,0x00000000f8080000,0x00000000f8f80000)
  to   space 14848K, 0% used [0x00000000f8f80000,0x00000000f8f80000,0x00000000f9e00000)
 ParOldGen       total 349696K, used 349694K [0x00000000e0000000, 0x00000000f5580000, 0x00000000f5580000)
  object space 349696K, 99% used [0x00000000e0000000,0x00000000f557f948,0x00000000f5580000)
 Metaspace       used 50727K, committed 51584K, reserved 1097728K
  class space    used 4921K, committed 5248K, reserved 1048576K
}
Event: 2443.181 GC heap after
{Heap after GC invocations=1044 (full 980):
 PSYoungGen      total 58880K, used 44031K [0x00000000f5580000, 0x00000000fa100000, 0x0000000100000000)
  eden space 44032K, 99% used [0x00000000f5580000,0x00000000f807ffc8,0x00000000f8080000)
  from space 14848K, 0% used [0x00000000f8f80000,0x00000000f8f80000,0x00000000f9e00000)
  to   space 15360K, 0% used [0x00000000f8080000,0x00000000f8080000,0x00000000f8f80000)
 ParOldGen       total 349696K, used 349691K [0x00000000e0000000, 0x00000000f5580000, 0x00000000f5580000)
  object space 349696K, 99% used [0x00000000e0000000,0x00000000f557efe8,0x00000000f5580000)
 Metaspace       used 50727K, committed 51584K, reserved 1097728K
  class space    used 4921K, committed 5248K, reserved 1048576K
}
Event: 2443.182 GC heap before
{Heap before GC invocations=1045 (full 981):
 PSYoungGen      total 58880K, used 44032K [0x00000000f5580000, 0x00000000fa100000, 0x0000000100000000)
  eden space 44032K, 100% used [0x00000000f5580000,0x00000000f8080000,0x00000000f8080000)
  from space 14848K, 0% used [0x00000000f8f80000,0x00000000f8f80000,0x00000000f9e00000)
  to   space 15360K, 0% used [0x00000000f8080000,0x00000000f8080000,0x00000000f8f80000)
 ParOldGen       total 349696K, used 349691K [0x00000000e0000000, 0x00000000f5580000, 0x00000000f5580000)
  object space 349696K, 99% used [0x00000000e0000000,0x00000000f557efe8,0x00000000f5580000)
 Metaspace       used 50727K, committed 51584K, reserved 1097728K
  class space    used 4921K, committed 5248K, reserved 1048576K
}
Event: 2445.279 GC heap after
{Heap after GC invocations=1045 (full 981):
 PSYoungGen      total 59392K, used 44032K [0x00000000f5580000, 0x00000000fa100000, 0x0000000100000000)
  eden space 44032K, 100% used [0x00000000f5580000,0x00000000f8080000,0x00000000f8080000)
  from space 15360K, 0% used [0x00000000f8080000,0x00000000f8080000,0x00000000f8f80000)
  to   space 14848K, 0% used [0x00000000f8f80000,0x00000000f8f80000,0x00000000f9e00000)
 ParOldGen       total 349696K, used 349691K [0x00000000e0000000, 0x00000000f5580000, 0x00000000f5580000)
  object space 349696K, 99% used [0x00000000e0000000,0x00000000f557efc8,0x00000000f5580000)
 Metaspace       used 50727K, committed 51584K, reserved 1097728K
  class space    used 4921K, committed 5248K, reserved 1048576K
}
Event: 2445.282 GC heap before
{Heap before GC invocations=1046 (full 982):
 PSYoungGen      total 59392K, used 44032K [0x00000000f5580000, 0x00000000fa100000, 0x0000000100000000)
  eden space 44032K, 100% used [0x00000000f5580000,0x00000000f8080000,0x00000000f8080000)
  from space 15360K, 0% used [0x00000000f8080000,0x00000000f8080000,0x00000000f8f80000)
  to   space 14848K, 0% used [0x00000000f8f80000,0x00000000f8f80000,0x00000000f9e00000)
 ParOldGen       total 349696K, used 349694K [0x00000000e0000000, 0x00000000f5580000, 0x00000000f5580000)
  object space 349696K, 99% used [0x00000000e0000000,0x00000000f557fac0,0x00000000f5580000)
 Metaspace       used 50727K, committed 51584K, reserved 1097728K
  class space    used 4921K, committed 5248K, reserved 1048576K
}
Event: 2447.583 GC heap after
{Heap after GC invocations=1046 (full 982):
 PSYoungGen      total 58880K, used 44031K [0x00000000f5580000, 0x00000000fa100000, 0x0000000100000000)
  eden space 44032K, 99% used [0x00000000f5580000,0x00000000f807ffc8,0x00000000f8080000)
  from space 14848K, 0% used [0x00000000f8f80000,0x00000000f8f80000,0x00000000f9e00000)
  to   space 15360K, 0% used [0x00000000f8080000,0x00000000f8080000,0x00000000f8f80000)
 ParOldGen       total 349696K, used 349692K [0x00000000e0000000, 0x00000000f5580000, 0x00000000f5580000)
  object space 349696K, 99% used [0x00000000e0000000,0x00000000f557f228,0x00000000f5580000)
 Metaspace       used 50727K, committed 51584K, reserved 1097728K
  class space    used 4921K, committed 5248K, reserved 1048576K
}
Event: 2447.584 GC heap before
{Heap before GC invocations=1047 (full 983):
 PSYoungGen      total 58880K, used 44031K [0x00000000f5580000, 0x00000000fa100000, 0x0000000100000000)
  eden space 44032K, 99% used [0x00000000f5580000,0x00000000f807fff8,0x00000000f8080000)
  from space 14848K, 0% used [0x00000000f8f80000,0x00000000f8f80000,0x00000000f9e00000)
  to   space 15360K, 0% used [0x00000000f8080000,0x00000000f8080000,0x00000000f8f80000)
 ParOldGen       total 349696K, used 349692K [0x00000000e0000000, 0x00000000f5580000, 0x00000000f5580000)
  object space 349696K, 99% used [0x00000000e0000000,0x00000000f557f228,0x00000000f5580000)
 Metaspace       used 50727K, committed 51584K, reserved 1097728K
  class space    used 4921K, committed 5248K, reserved 1048576K
}
Event: 2449.893 GC heap after
{Heap after GC invocations=1047 (full 983):
 PSYoungGen      total 59392K, used 44031K [0x00000000f5580000, 0x00000000fa100000, 0x0000000100000000)
  eden space 44032K, 99% used [0x00000000f5580000,0x00000000f807ffe0,0x00000000f8080000)
  from space 15360K, 0% used [0x00000000f8080000,0x00000000f8080000,0x00000000f8f80000)
  to   space 14848K, 0% used [0x00000000f8f80000,0x00000000f8f80000,0x00000000f9e00000)
 ParOldGen       total 349696K, used 349692K [0x00000000e0000000, 0x00000000f5580000, 0x00000000f5580000)
  object space 349696K, 99% used [0x00000000e0000000,0x00000000f557f228,0x00000000f5580000)
 Metaspace       used 50727K, committed 51584K, reserved 1097728K
  class space    used 4921K, committed 5248K, reserved 1048576K
}
Event: 2449.893 GC heap before
{Heap before GC invocations=1048 (full 984):
 PSYoungGen      total 59392K, used 44031K [0x00000000f5580000, 0x00000000fa100000, 0x0000000100000000)
  eden space 44032K, 99% used [0x00000000f5580000,0x00000000f807fff8,0x00000000f8080000)
  from space 15360K, 0% used [0x00000000f8080000,0x00000000f8080000,0x00000000f8f80000)
  to   space 14848K, 0% used [0x00000000f8f80000,0x00000000f8f80000,0x00000000f9e00000)
 ParOldGen       total 349696K, used 349692K [0x00000000e0000000, 0x00000000f5580000, 0x00000000f5580000)
  object space 349696K, 99% used [0x00000000e0000000,0x00000000f557f228,0x00000000f5580000)
 Metaspace       used 50727K, committed 51584K, reserved 1097728K
  class space    used 4921K, committed 5248K, reserved 1048576K
}
Event: 2452.173 GC heap after
{Heap after GC invocations=1048 (full 984):
 PSYoungGen      total 58880K, used 44031K [0x00000000f5580000, 0x00000000fa100000, 0x0000000100000000)
  eden space 44032K, 99% used [0x00000000f5580000,0x00000000f807fff8,0x00000000f8080000)
  from space 14848K, 0% used [0x00000000f8f80000,0x00000000f8f80000,0x00000000f9e00000)
  to   space 15360K, 0% used [0x00000000f8080000,0x00000000f8080000,0x00000000f8f80000)
 ParOldGen       total 349696K, used 349692K [0x00000000e0000000, 0x00000000f5580000, 0x00000000f5580000)
  object space 349696K, 99% used [0x00000000e0000000,0x00000000f557f228,0x00000000f5580000)
 Metaspace       used 50727K, committed 51584K, reserved 1097728K
  class space    used 4921K, committed 5248K, reserved 1048576K
}
Event: 2452.177 GC heap before
{Heap before GC invocations=1049 (full 985):
 PSYoungGen      total 58880K, used 44031K [0x00000000f5580000, 0x00000000fa100000, 0x0000000100000000)
  eden space 44032K, 99% used [0x00000000f5580000,0x00000000f807fff8,0x00000000f8080000)
  from space 14848K, 0% used [0x00000000f8f80000,0x00000000f8f80000,0x00000000f9e00000)
  to   space 15360K, 0% used [0x00000000f8080000,0x00000000f8080000,0x00000000f8f80000)
 ParOldGen       total 349696K, used 349694K [0x00000000e0000000, 0x00000000f5580000, 0x00000000f5580000)
  object space 349696K, 99% used [0x00000000e0000000,0x00000000f557fae8,0x00000000f5580000)
 Metaspace       used 50727K, committed 51584K, reserved 1097728K
  class space    used 4921K, committed 5248K, reserved 1048576K
}
Event: 2454.313 GC heap after
{Heap after GC invocations=1049 (full 985):
 PSYoungGen      total 59392K, used 44031K [0x00000000f5580000, 0x00000000fa100000, 0x0000000100000000)
  eden space 44032K, 99% used [0x00000000f5580000,0x00000000f807ffc8,0x00000000f8080000)
  from space 15360K, 0% used [0x00000000f8080000,0x00000000f8080000,0x00000000f8f80000)
  to   space 14848K, 0% used [0x00000000f8f80000,0x00000000f8f80000,0x00000000f9e00000)
 ParOldGen       total 349696K, used 349693K [0x00000000e0000000, 0x00000000f5580000, 0x00000000f5580000)
  object space 349696K, 99% used [0x00000000e0000000,0x00000000f557f640,0x00000000f5580000)
 Metaspace       used 50727K, committed 51584K, reserved 1097728K
  class space    used 4921K, committed 5248K, reserved 1048576K
}
Event: 2454.314 GC heap before
{Heap before GC invocations=1050 (full 986):
 PSYoungGen      total 59392K, used 44031K [0x00000000f5580000, 0x00000000fa100000, 0x0000000100000000)
  eden space 44032K, 99% used [0x00000000f5580000,0x00000000f807fff8,0x00000000f8080000)
  from space 15360K, 0% used [0x00000000f8080000,0x00000000f8080000,0x00000000f8f80000)
  to   space 14848K, 0% used [0x00000000f8f80000,0x00000000f8f80000,0x00000000f9e00000)
 ParOldGen       total 349696K, used 349693K [0x00000000e0000000, 0x00000000f5580000, 0x00000000f5580000)
  object space 349696K, 99% used [0x00000000e0000000,0x00000000f557f640,0x00000000f5580000)
 Metaspace       used 50727K, committed 51584K, reserved 1097728K
  class space    used 4921K, committed 5248K, reserved 1048576K
}
Event: 2456.886 GC heap after
{Heap after GC invocations=1050 (full 986):
 PSYoungGen      total 58880K, used 44031K [0x00000000f5580000, 0x00000000fa100000, 0x0000000100000000)
  eden space 44032K, 99% used [0x00000000f5580000,0x00000000f807fff8,0x00000000f8080000)
  from space 14848K, 0% used [0x00000000f8f80000,0x00000000f8f80000,0x00000000f9e00000)
  to   space 15360K, 0% used [0x00000000f8080000,0x00000000f8080000,0x00000000f8f80000)
 ParOldGen       total 349696K, used 349693K [0x00000000e0000000, 0x00000000f5580000, 0x00000000f5580000)
  object space 349696K, 99% used [0x00000000e0000000,0x00000000f557f608,0x00000000f5580000)
 Metaspace       used 50727K, committed 51584K, reserved 1097728K
  class space    used 4921K, committed 5248K, reserved 1048576K
}
Event: 2456.889 GC heap before
{Heap before GC invocations=1051 (full 987):
 PSYoungGen      total 58880K, used 44031K [0x00000000f5580000, 0x00000000fa100000, 0x0000000100000000)
  eden space 44032K, 99% used [0x00000000f5580000,0x00000000f807fff8,0x00000000f8080000)
  from space 14848K, 0% used [0x00000000f8f80000,0x00000000f8f80000,0x00000000f9e00000)
  to   space 15360K, 0% used [0x00000000f8080000,0x00000000f8080000,0x00000000f8f80000)
 ParOldGen       total 349696K, used 349695K [0x00000000e0000000, 0x00000000f5580000, 0x00000000f5580000)
  object space 349696K, 99% used [0x00000000e0000000,0x00000000f557fea0,0x00000000f5580000)
 Metaspace       used 50727K, committed 51584K, reserved 1097728K
  class space    used 4921K, committed 5248K, reserved 1048576K
}
Event: 2459.298 GC heap after
{Heap after GC invocations=1051 (full 987):
 PSYoungGen      total 59392K, used 44031K [0x00000000f5580000, 0x00000000fa100000, 0x0000000100000000)
  eden space 44032K, 99% used [0x00000000f5580000,0x00000000f807fff8,0x00000000f8080000)
  from space 15360K, 0% used [0x00000000f8080000,0x00000000f8080000,0x00000000f8f80000)
  to   space 14848K, 0% used [0x00000000f8f80000,0x00000000f8f80000,0x00000000f9e00000)
 ParOldGen       total 349696K, used 349693K [0x00000000e0000000, 0x00000000f5580000, 0x00000000f5580000)
  object space 349696K, 99% used [0x00000000e0000000,0x00000000f557f530,0x00000000f5580000)
 Metaspace       used 50727K, committed 51584K, reserved 1097728K
  class space    used 4921K, committed 5248K, reserved 1048576K
}
Event: 2459.298 GC heap before
{Heap before GC invocations=1052 (full 988):
 PSYoungGen      total 59392K, used 44031K [0x00000000f5580000, 0x00000000fa100000, 0x0000000100000000)
  eden space 44032K, 99% used [0x00000000f5580000,0x00000000f807fff8,0x00000000f8080000)
  from space 15360K, 0% used [0x00000000f8080000,0x00000000f8080000,0x00000000f8f80000)
  to   space 14848K, 0% used [0x00000000f8f80000,0x00000000f8f80000,0x00000000f9e00000)
 ParOldGen       total 349696K, used 349693K [0x00000000e0000000, 0x00000000f5580000, 0x00000000f5580000)
  object space 349696K, 99% used [0x00000000e0000000,0x00000000f557f6d8,0x00000000f5580000)
 Metaspace       used 50727K, committed 51584K, reserved 1097728K
  class space    used 4921K, committed 5248K, reserved 1048576K
}
Event: 2461.581 GC heap after
{Heap after GC invocations=1052 (full 988):
 PSYoungGen      total 58880K, used 44031K [0x00000000f5580000, 0x00000000fa100000, 0x0000000100000000)
  eden space 44032K, 99% used [0x00000000f5580000,0x00000000f807fff8,0x00000000f8080000)
  from space 14848K, 0% used [0x00000000f8f80000,0x00000000f8f80000,0x00000000f9e00000)
  to   space 15360K, 0% used [0x00000000f8080000,0x00000000f8080000,0x00000000f8f80000)
 ParOldGen       total 349696K, used 349693K [0x00000000e0000000, 0x00000000f5580000, 0x00000000f5580000)
  object space 349696K, 99% used [0x00000000e0000000,0x00000000f557f548,0x00000000f5580000)
 Metaspace       used 50727K, committed 51584K, reserved 1097728K
  class space    used 4921K, committed 5248K, reserved 1048576K
}
Event: 2461.581 GC heap before
{Heap before GC invocations=1053 (full 989):
 PSYoungGen      total 58880K, used 44031K [0x00000000f5580000, 0x00000000fa100000, 0x0000000100000000)
  eden space 44032K, 99% used [0x00000000f5580000,0x00000000f807fff8,0x00000000f8080000)
  from space 14848K, 0% used [0x00000000f8f80000,0x00000000f8f80000,0x00000000f9e00000)
  to   space 15360K, 0% used [0x00000000f8080000,0x00000000f8080000,0x00000000f8f80000)
 ParOldGen       total 349696K, used 349693K [0x00000000e0000000, 0x00000000f5580000, 0x00000000f5580000)
  object space 349696K, 99% used [0x00000000e0000000,0x00000000f557f548,0x00000000f5580000)
 Metaspace       used 50727K, committed 51584K, reserved 1097728K
  class space    used 4921K, committed 5248K, reserved 1048576K
}
Event: 2463.982 GC heap after
{Heap after GC invocations=1053 (full 989):
 PSYoungGen      total 59392K, used 44031K [0x00000000f5580000, 0x00000000fa100000, 0x0000000100000000)
  eden space 44032K, 99% used [0x00000000f5580000,0x00000000f807fff8,0x00000000f8080000)
  from space 15360K, 0% used [0x00000000f8080000,0x00000000f8080000,0x00000000f8f80000)
  to   space 14848K, 0% used [0x00000000f8f80000,0x00000000f8f80000,0x00000000f9e00000)
 ParOldGen       total 349696K, used 349693K [0x00000000e0000000, 0x00000000f5580000, 0x00000000f5580000)
  object space 349696K, 99% used [0x00000000e0000000,0x00000000f557f548,0x00000000f5580000)
 Metaspace       used 50727K, committed 51584K, reserved 1097728K
  class space    used 4921K, committed 5248K, reserved 1048576K
}

