# JRE version: OpenJDK Runtime Environment GraalVM CE 22.3.0 (17.0.5+8) (build 17.0.5+8-jvmci-22.3-b08)
# Java VM: OpenJDK 64-Bit Server VM GraalVM CE 22.3.0 (17.0.5+8-jvmci-22.3-b08, mixed mode, sharing, tiered, jvmci, jvmci compiler, compressed oops, compressed class ptrs, parallel gc, linux-amd64)
GC Precious Log:
 CPUs: 8 total, 1 available
 Memory: 1024M
 Large Page Support: Disabled
 NUMA Support: Disabled
 Compressed Oops: Enabled (32-bit)
 Alignments: Space 512K, Generation 512K, Heap 2M
 Heap Min Capacity: 100M
 Heap Initial Capacity: 100M
 Heap Max Capacity: 512M
 Pre-touch: Disabled
 Parallel Workers: 1
Heap:
 PSYoungGen      total 32768K, used 24063K [0x00000000f5580000, 0x00000000f8200000, 0x0000000100000000)
  eden space 24064K, 99% used [0x00000000f5580000,0x00000000f6cffff8,0x00000000f6d00000)
  from space 8704K, 0% used [0x00000000f7980000,0x00000000f7980000,0x00000000f8200000)
  to   space 9728K, 0% used [0x00000000f6d00000,0x00000000f6d00000,0x00000000f7680000)
 ParOldGen       total 349696K, used 349695K [0x00000000e0000000, 0x00000000f5580000, 0x00000000f5580000)
  object space 349696K, 99% used [0x00000000e0000000,0x00000000f557fff8,0x00000000f5580000)
 Metaspace       used 51696K, committed 52608K, reserved 1097728K
  class space    used 4989K, committed 5440K, reserved 1048576K
GC Heap History (20 events):
Event: 1569.750 GC heap before
{Heap before GC invocations=812 (full 720):
 PSYoungGen      total 32768K, used 24063K [0x00000000f5580000, 0x00000000f8200000, 0x0000000100000000)
  eden space 24064K, 99% used [0x00000000f5580000,0x00000000f6cffee8,0x00000000f6d00000)
  from space 8704K, 0% used [0x00000000f7980000,0x00000000f7980000,0x00000000f8200000)
  to   space 9728K, 0% used [0x00000000f6d00000,0x00000000f6d00000,0x00000000f7680000)
 ParOldGen       total 349696K, used 349693K [0x00000000e0000000, 0x00000000f5580000, 0x00000000f5580000)
  object space 349696K, 99% used [0x00000000e0000000,0x00000000f557f6a8,0x00000000f5580000)
 Metaspace       used 51696K, committed 52608K, reserved 1097728K
  class space    used 4989K, committed 5440K, reserved 1048576K
}
Event: 1571.392 GC heap after
{Heap after GC invocations=812 (full 720):
 PSYoungGen      total 33792K, used 24063K [0x00000000f5580000, 0x00000000f8200000, 0x0000000100000000)
  eden space 24064K, 99% used [0x00000000f5580000,0x00000000f6cffe88,0x00000000f6d00000)
  from space 9728K, 0% used [0x00000000f6d00000,0x00000000f6d00000,0x00000000f7680000)
  to   space 8704K, 0% used [0x00000000f7980000,0x00000000f7980000,0x00000000f8200000)
 ParOldGen       total 349696K, used 349693K [0x00000000e0000000, 0x00000000f5580000, 0x00000000f5580000)
  object space 349696K, 99% used [0x00000000e0000000,0x00000000f557f6a8,0x00000000f5580000)
 Metaspace       used 51696K, committed 52608K, reserved 1097728K
  class space    used 4989K, committed 5440K, reserved 1048576K
}
Event: 1571.393 GC heap before
{Heap before GC invocations=813 (full 721):
 PSYoungGen      total 33792K, used 24063K [0x00000000f5580000, 0x00000000f8200000, 0x0000000100000000)
  eden space 24064K, 99% used [0x00000000f5580000,0x00000000f6cffff8,0x00000000f6d00000)
  from space 9728K, 0% used [0x00000000f6d00000,0x00000000f6d00000,0x00000000f7680000)
  to   space 8704K, 0% used [0x00000000f7980000,0x00000000f7980000,0x00000000f8200000)
 ParOldGen       total 349696K, used 349695K [0x00000000e0000000, 0x00000000f5580000, 0x00000000f5580000)
  object space 349696K, 99% used [0x00000000e0000000,0x00000000f557fc28,0x00000000f5580000)
 Metaspace       used 51696K, committed 52608K, reserved 1097728K
  class space    used 4989K, committed 5440K, reserved 1048576K
}
Event: 1573.249 GC heap after
{Heap after GC invocations=813 (full 721):
 PSYoungGen      total 32768K, used 24063K [0x00000000f5580000, 0x00000000f8200000, 0x0000000100000000)
  eden space 24064K, 99% used [0x00000000f5580000,0x00000000f6cffe80,0x00000000f6d00000)
  from space 8704K, 0% used [0x00000000f7980000,0x00000000f7980000,0x00000000f8200000)
  to   space 9728K, 0% used [0x00000000f6d00000,0x00000000f6d00000,0x00000000f7680000)
 ParOldGen       total 349696K, used 349694K [0x00000000e0000000, 0x00000000f5580000, 0x00000000f5580000)
  object space 349696K, 99% used [0x00000000e0000000,0x00000000f557fa00,0x00000000f5580000)
 Metaspace       used 51696K, committed 52608K, reserved 1097728K
  class space    used 4989K, committed 5440K, reserved 1048576K
}
Event: 1573.250 GC heap before
{Heap before GC invocations=814 (full 722):
 PSYoungGen      total 32768K, used 24063K [0x00000000f5580000, 0x00000000f8200000, 0x0000000100000000)
  eden space 24064K, 99% used [0x00000000f5580000,0x00000000f6cffff8,0x00000000f6d00000)
  from space 8704K, 0% used [0x00000000f7980000,0x00000000f7980000,0x00000000f8200000)
  to   space 9728K, 0% used [0x00000000f6d00000,0x00000000f6d00000,0x00000000f7680000)
 ParOldGen       total 349696K, used 349695K [0x00000000e0000000, 0x00000000f5580000, 0x00000000f5580000)
  object space 349696K, 99% used [0x00000000e0000000,0x00000000f557ffe8,0x00000000f5580000)
 Metaspace       used 51696K, committed 52608K, reserved 1097728K
  class space    used 4989K, committed 5440K, reserved 1048576K
}
Event: 1574.956 GC heap after
{Heap after GC invocations=814 (full 722):
 PSYoungGen      total 33792K, used 24063K [0x00000000f5580000, 0x00000000f8200000, 0x0000000100000000)
  eden space 24064K, 99% used [0x00000000f5580000,0x00000000f6cfff38,0x00000000f6d00000)
  from space 9728K, 0% used [0x00000000f6d00000,0x00000000f6d00000,0x00000000f7680000)
  to   space 8704K, 0% used [0x00000000f7980000,0x00000000f7980000,0x00000000f8200000)
 ParOldGen       total 349696K, used 349695K [0x00000000e0000000, 0x00000000f5580000, 0x00000000f5580000)
  object space 349696K, 99% used [0x00000000e0000000,0x00000000f557fe90,0x00000000f5580000)
 Metaspace       used 51696K, committed 52608K, reserved 1097728K
  class space    used 4989K, committed 5440K, reserved 1048576K
}
Event: 1574.957 GC heap before
{Heap before GC invocations=815 (full 723):
 PSYoungGen      total 33792K, used 24063K [0x00000000f5580000, 0x00000000f8200000, 0x0000000100000000)
  eden space 24064K, 99% used [0x00000000f5580000,0x00000000f6cffff8,0x00000000f6d00000)
  from space 9728K, 0% used [0x00000000f6d00000,0x00000000f6d00000,0x00000000f7680000)
  to   space 8704K, 0% used [0x00000000f7980000,0x00000000f7980000,0x00000000f8200000)
 ParOldGen       total 349696K, used 349695K [0x00000000e0000000, 0x00000000f5580000, 0x00000000f5580000)
  object space 349696K, 99% used [0x00000000e0000000,0x00000000f557fe90,0x00000000f5580000)
 Metaspace       used 51696K, committed 52608K, reserved 1097728K
  class space    used 4989K, committed 5440K, reserved 1048576K
}
Event: 1576.760 GC heap after
{Heap after GC invocations=815 (full 723):
 PSYoungGen      total 32768K, used 24063K [0x00000000f5580000, 0x00000000f8200000, 0x0000000100000000)
  eden space 24064K, 99% used [0x00000000f5580000,0x00000000f6cfff10,0x00000000f6d00000)
  from space 8704K, 0% used [0x00000000f7980000,0x00000000f7980000,0x00000000f8200000)
  to   space 9728K, 0% used [0x00000000f6d00000,0x00000000f6d00000,0x00000000f7680000)
 ParOldGen       total 349696K, used 349695K [0x00000000e0000000, 0x00000000f5580000, 0x00000000f5580000)
  object space 349696K, 99% used [0x00000000e0000000,0x00000000f557fc80,0x00000000f5580000)
 Metaspace       used 51696K, committed 52608K, reserved 1097728K
  class space    used 4989K, committed 5440K, reserved 1048576K
}
Event: 1576.761 GC heap before
{Heap before GC invocations=816 (full 724):
 PSYoungGen      total 32768K, used 24064K [0x00000000f5580000, 0x00000000f8200000, 0x0000000100000000)
  eden space 24064K, 100% used [0x00000000f5580000,0x00000000f6d00000,0x00000000f6d00000)
  from space 8704K, 0% used [0x00000000f7980000,0x00000000f7980000,0x00000000f8200000)
  to   space 9728K, 0% used [0x00000000f6d00000,0x00000000f6d00000,0x00000000f7680000)
 ParOldGen       total 349696K, used 349695K [0x00000000e0000000, 0x00000000f5580000, 0x00000000f5580000)
  object space 349696K, 99% used [0x00000000e0000000,0x00000000f557fc80,0x00000000f5580000)
 Metaspace       used 51696K, committed 52608K, reserved 1097728K
  class space    used 4989K, committed 5440K, reserved 1048576K
}
Event: 1578.300 GC heap after
{Heap after GC invocations=816 (full 724):
 PSYoungGen      total 33792K, used 24063K [0x00000000f5580000, 0x00000000f8200000, 0x0000000100000000)
  eden space 24064K, 99% used [0x00000000f5580000,0x00000000f6cfffc8,0x00000000f6d00000)
  from space 9728K, 0% used [0x00000000f6d00000,0x00000000f6d00000,0x00000000f7680000)
  to   space 8704K, 0% used [0x00000000f7980000,0x00000000f7980000,0x00000000f8200000)
 ParOldGen       total 349696K, used 349695K [0x00000000e0000000, 0x00000000f5580000, 0x00000000f5580000)
  object space 349696K, 99% used [0x00000000e0000000,0x00000000f557fc80,0x00000000f5580000)
 Metaspace       used 51696K, committed 52608K, reserved 1097728K
  class space    used 4989K, committed 5440K, reserved 1048576K
}
Event: 1578.301 GC heap before
{Heap before GC invocations=817 (full 725):
 PSYoungGen      total 33792K, used 24064K [0x00000000f5580000, 0x00000000f8200000, 0x0000000100000000)
  eden space 24064K, 100% used [0x00000000f5580000,0x00000000f6d00000,0x00000000f6d00000)
  from space 9728K, 0% used [0x00000000f6d00000,0x00000000f6d00000,0x00000000f7680000)
  to   space 8704K, 0% used [0x00000000f7980000,0x00000000f7980000,0x00000000f8200000)
 ParOldGen       total 349696K, used 349695K [0x00000000e0000000, 0x00000000f5580000, 0x00000000f5580000)
  object space 349696K, 99% used [0x00000000e0000000,0x00000000f557fc80,0x00000000f5580000)
 Metaspace       used 51696K, committed 52608K, reserved 1097728K
  class space    used 4989K, committed 5440K, reserved 1048576K
}
Event: 1580.072 GC heap after
{Heap after GC invocations=817 (full 725):
 PSYoungGen      total 32768K, used 24063K [0x00000000f5580000, 0x00000000f8200000, 0x0000000100000000)
  eden space 24064K, 99% used [0x00000000f5580000,0x00000000f6cfff30,0x00000000f6d00000)
  from space 8704K, 0% used [0x00000000f7980000,0x00000000f7980000,0x00000000f8200000)
  to   space 9728K, 0% used [0x00000000f6d00000,0x00000000f6d00000,0x00000000f7680000)
 ParOldGen       total 349696K, used 349695K [0x00000000e0000000, 0x00000000f5580000, 0x00000000f5580000)
  object space 349696K, 99% used [0x00000000e0000000,0x00000000f557fc20,0x00000000f5580000)
 Metaspace       used 51696K, committed 52608K, reserved 1097728K
  class space    used 4989K, committed 5440K, reserved 1048576K
}
Event: 1580.072 GC heap before
{Heap before GC invocations=818 (full 726):
 PSYoungGen      total 32768K, used 24063K [0x00000000f5580000, 0x00000000f8200000, 0x0000000100000000)
  eden space 24064K, 99% used [0x00000000f5580000,0x00000000f6cffff8,0x00000000f6d00000)
  from space 8704K, 0% used [0x00000000f7980000,0x00000000f7980000,0x00000000f8200000)
  to   space 9728K, 0% used [0x00000000f6d00000,0x00000000f6d00000,0x00000000f7680000)
 ParOldGen       total 349696K, used 349695K [0x00000000e0000000, 0x00000000f5580000, 0x00000000f5580000)
  object space 349696K, 99% used [0x00000000e0000000,0x00000000f557fc20,0x00000000f5580000)
 Metaspace       used 51696K, committed 52608K, reserved 1097728K
  class space    used 4989K, committed 5440K, reserved 1048576K
}
Event: 1581.765 GC heap after
{Heap after GC invocations=818 (full 726):
 PSYoungGen      total 33792K, used 24063K [0x00000000f5580000, 0x00000000f8200000, 0x0000000100000000)
  eden space 24064K, 99% used [0x00000000f5580000,0x00000000f6cfff68,0x00000000f6d00000)
  from space 9728K, 0% used [0x00000000f6d00000,0x00000000f6d00000,0x00000000f7680000)
  to   space 8704K, 0% used [0x00000000f7980000,0x00000000f7980000,0x00000000f8200000)
 ParOldGen       total 349696K, used 349695K [0x00000000e0000000, 0x00000000f5580000, 0x00000000f5580000)
  object space 349696K, 99% used [0x00000000e0000000,0x00000000f557fc00,0x00000000f5580000)
 Metaspace       used 51696K, committed 52608K, reserved 1097728K
  class space    used 4989K, committed 5440K, reserved 1048576K
}
Event: 1581.765 GC heap before
{Heap before GC invocations=819 (full 727):
 PSYoungGen      total 33792K, used 24063K [0x00000000f5580000, 0x00000000f8200000, 0x0000000100000000)
  eden space 24064K, 99% used [0x00000000f5580000,0x00000000f6cffff8,0x00000000f6d00000)
  from space 9728K, 0% used [0x00000000f6d00000,0x00000000f6d00000,0x00000000f7680000)
  to   space 8704K, 0% used [0x00000000f7980000,0x00000000f7980000,0x00000000f8200000)
 ParOldGen       total 349696K, used 349695K [0x00000000e0000000, 0x00000000f5580000, 0x00000000f5580000)
  object space 349696K, 99% used [0x00000000e0000000,0x00000000f557fc00,0x00000000f5580000)
 Metaspace       used 51696K, committed 52608K, reserved 1097728K
  class space    used 4989K, committed 5440K, reserved 1048576K
}
Event: 1583.570 GC heap after
{Heap after GC invocations=819 (full 727):
 PSYoungGen      total 32768K, used 24063K [0x00000000f5580000, 0x00000000f8200000, 0x0000000100000000)
  eden space 24064K, 99% used [0x00000000f5580000,0x00000000f6cfff68,0x00000000f6d00000)
  from space 8704K, 0% used [0x00000000f7980000,0x00000000f7980000,0x00000000f8200000)
  to   space 9728K, 0% used [0x00000000f6d00000,0x00000000f6d00000,0x00000000f7680000)
 ParOldGen       total 349696K, used 349695K [0x00000000e0000000, 0x00000000f5580000, 0x00000000f5580000)
  object space 349696K, 99% used [0x00000000e0000000,0x00000000f557fc00,0x00000000f5580000)
 Metaspace       used 51696K, committed 52608K, reserved 1097728K
  class space    used 4989K, committed 5440K, reserved 1048576K
}
Event: 1583.570 GC heap before
{Heap before GC invocations=820 (full 728):
 PSYoungGen      total 32768K, used 24063K [0x00000000f5580000, 0x00000000f8200000, 0x0000000100000000)
  eden space 24064K, 99% used [0x00000000f5580000,0x00000000f6cfffb8,0x00000000f6d00000)
  from space 8704K, 0% used [0x00000000f7980000,0x00000000f7980000,0x00000000f8200000)
  to   space 9728K, 0% used [0x00000000f6d00000,0x00000000f6d00000,0x00000000f7680000)
 ParOldGen       total 349696K, used 349695K [0x00000000e0000000, 0x00000000f5580000, 0x00000000f5580000)
  object space 349696K, 99% used [0x00000000e0000000,0x00000000f557fc00,0x00000000f5580000)
 Metaspace       used 51696K, committed 52608K, reserved 1097728K
  class space    used 4989K, committed 5440K, reserved 1048576K
}
Event: 1585.182 GC heap after
{Heap after GC invocations=820 (full 728):
 PSYoungGen      total 33792K, used 24063K [0x00000000f5580000, 0x00000000f8200000, 0x0000000100000000)
  eden space 24064K, 99% used [0x00000000f5580000,0x00000000f6cfff68,0x00000000f6d00000)
  from space 9728K, 0% used [0x00000000f6d00000,0x00000000f6d00000,0x00000000f7680000)
  to   space 8704K, 0% used [0x00000000f7980000,0x00000000f7980000,0x00000000f8200000)
 ParOldGen       total 349696K, used 349695K [0x00000000e0000000, 0x00000000f5580000, 0x00000000f5580000)
  object space 349696K, 99% used [0x00000000e0000000,0x00000000f557fc00,0x00000000f5580000)
 Metaspace       used 51696K, committed 52608K, reserved 1097728K
  class space    used 4989K, committed 5440K, reserved 1048576K
}
Event: 1585.182 GC heap before
{Heap before GC invocations=821 (full 729):
 PSYoungGen      total 33792K, used 24063K [0x00000000f5580000, 0x00000000f8200000, 0x0000000100000000)
  eden space 24064K, 99% used [0x00000000f5580000,0x00000000f6cfff68,0x00000000f6d00000)
  from space 9728K, 0% used [0x00000000f6d00000,0x00000000f6d00000,0x00000000f7680000)
  to   space 8704K, 0% used [0x00000000f7980000,0x00000000f7980000,0x00000000f8200000)
 ParOldGen       total 349696K, used 349695K [0x00000000e0000000, 0x00000000f5580000, 0x00000000f5580000)
  object space 349696K, 99% used [0x00000000e0000000,0x00000000f557fc00,0x00000000f5580000)
 Metaspace       used 51696K, committed 52608K, reserved 1097728K
  class space    used 4989K, committed 5440K, reserved 1048576K
}
Event: 1587.079 GC heap after
{Heap after GC invocations=821 (full 729):
 PSYoungGen      total 32768K, used 24063K [0x00000000f5580000, 0x00000000f8200000, 0x0000000100000000)
  eden space 24064K, 99% used [0x00000000f5580000,0x00000000f6cffe70,0x00000000f6d00000)
  from space 8704K, 0% used [0x00000000f7980000,0x00000000f7980000,0x00000000f8200000)
  to   space 9728K, 0% used [0x00000000f6d00000,0x00000000f6d00000,0x00000000f7680000)
 ParOldGen       total 349696K, used 349695K [0x00000000e0000000, 0x00000000f5580000, 0x00000000f5580000)
  object space 349696K, 99% used [0x00000000e0000000,0x00000000f557fc00,0x00000000f5580000)
 Metaspace       used 51696K, committed 52608K, reserved 1097728K
  class space    used 4989K, committed 5440K, reserved 1048576K
}

